


ARM Macro Assembler    Page 1 


    1 00000000         ;/*-----------------------------------------------------
                       ----------------------------------------------------*/
    2 00000000         ;/* Holtek Semiconductor Inc.                           
                                                                           */
    3 00000000         ;/*                                                     
                                                                           */
    4 00000000         ;/* Copyright (C) Holtek Semiconductor Inc.             
                                                                           */
    5 00000000         ;/* All rights reserved.                                
                                                                           */
    6 00000000         ;/*                                                     
                                                                           */
    7 00000000         ;/*-----------------------------------------------------
                       ------------------------------------------------------
    8 00000000         ;  File Name        : startup_ht32f5xxxx_01.s
    9 00000000         ;  Version          : $Rev:: 5480         $
   10 00000000         ;  Date             : $Date:: 2021-07-19 #$
   11 00000000         ;  Description      : Startup code.
   12 00000000         ;-------------------------------------------------------
                       ----------------------------------------------------*/
   13 00000000         
   14 00000000         ;  Supported Device
   15 00000000         ;  ========================================
   16 00000000         ;   HT32F52220, HT32F52230
   17 00000000         ;   HT32F52231, HT32F52241
   18 00000000         ;   HT32F52331, HT32F52341
   19 00000000         ;   HT32F52342, HT32F52352
   20 00000000         ;   HT32F52243, HT32F52253
   21 00000000         ;   HT32F0008
   22 00000000         ;   HT32F52344, HT32F52354
   23 00000000         ;   HT32F0006
   24 00000000         ;   HT32F61352
   25 00000000         ;   HT50F32003
   26 00000000         ;   HT32F67741
   27 00000000         
   28 00000000         ;/* <<< Use Configuration Wizard in Context Menu >>>    
                                                                           */
   29 00000000         
   30 00000000         ;// <o>  HT32 Device
   31 00000000         ;//      <0=> By Project Asm Define
   32 00000000         ;//      <1=> HT32F52220/30
   33 00000000         ;//      <2=> HT32F52231/41
   34 00000000         ;//      <3=> HT32F52331/41
   35 00000000         ;//      <4=> HT32F52342/52
   36 00000000         ;//      <5=> HT32F52243/53
   37 00000000         ;//      <6=> HT32F0008
   38 00000000         ;//      <9=> HT32F52344/54
   39 00000000         ;//      <10=> HT32F0006
   40 00000000         ;//      <10=> HT32F61352
   41 00000000         ;//      <4=> HT50F32003
   42 00000000         ;//      <2=> HT32F67741
   43 00000000 00000000 
                       USE_HT32_CHIP_SET
                               EQU              0
   44 00000000         
   45 00000000 FFFFFFFF 
                       _HT32FWID
                               EQU              0xFFFFFFFF
   46 00000000         ;_HT32FWID           EQU     0x00052220



ARM Macro Assembler    Page 2 


   47 00000000         ;_HT32FWID           EQU     0x00052230
   48 00000000         ;_HT32FWID           EQU     0x00052231
   49 00000000         ;_HT32FWID           EQU     0x00052241
   50 00000000         ;_HT32FWID           EQU     0x00052331
   51 00000000         ;_HT32FWID           EQU     0x00052341
   52 00000000         ;_HT32FWID           EQU     0x00052342
   53 00000000         ;_HT32FWID           EQU     0x00052352
   54 00000000         ;_HT32FWID           EQU     0x00052243
   55 00000000         ;_HT32FWID           EQU     0x00052253
   56 00000000         ;_HT32FWID           EQU     0x00000008
   57 00000000         ;_HT32FWID           EQU     0x00052344
   58 00000000         ;_HT32FWID           EQU     0x00052354
   59 00000000         ;_HT32FWID           EQU     0x00000006
   60 00000000         ;_HT32FWID           EQU     0x00061352
   61 00000000         ;_HT32FWID           EQU     0x00032003
   62 00000000         ;_HT32FWID           EQU     0x00067741
   63 00000000         
   64 00000000 00000001 
                       HT32F52220_30
                               EQU              1
   65 00000000 00000002 
                       HT32F52231_41
                               EQU              2
   66 00000000 00000003 
                       HT32F52331_41
                               EQU              3
   67 00000000 00000004 
                       HT32F52342_52
                               EQU              4
   68 00000000 00000005 
                       HT32F52243_53
                               EQU              5
   69 00000000 00000006 
                       HT32F0008
                               EQU              6
   70 00000000 00000009 
                       HT32F52344_54
                               EQU              9
   71 00000000 0000000A 
                       HT32F0006
                               EQU              10
   72 00000000 0000000A 
                       HT32F61352
                               EQU              10
   73 00000000 00000004 
                       HT50F32003
                               EQU              4
   74 00000000 00000002 
                       HT32F67741
                               EQU              2
   75 00000000         
   76 00000000                 IF               USE_HT32_CHIP_SET=0
   77 00000000                 ELSE
   79                          ENDIF
   80 00000000         
   81 00000000         ; Amount of memory (in bytes) allocated for Stack and He
                       ap
   82 00000000         ; Tailor those values to your application needs
   83 00000000         ;//   <o> Stack Size (in Bytes, must 8 byte aligned) <0-



ARM Macro Assembler    Page 3 


                       16384:8>
   84 00000000 00000200 
                       Stack_Size
                               EQU              512
   85 00000000         
   86 00000000                 AREA             STACK, NOINIT, READWRITE, ALIGN
 = 3
   87 00000000         __HT_check_sp
   88 00000000         Stack_Mem
                               SPACE            Stack_Size
   89 00000200         __initial_sp
   90 00000200         
   91 00000200         ;//   <o>  Heap Size (in Bytes) <0-16384:8>
   92 00000200 00000000 
                       Heap_Size
                               EQU              0
   93 00000200         
   94 00000200                 AREA             HEAP, NOINIT, READWRITE, ALIGN 
= 3
   95 00000000         __HT_check_heap
   96 00000000         __heap_base
   97 00000000         Heap_Mem
                               SPACE            Heap_Size
   98 00000000         __heap_limit
   99 00000000         
  100 00000000                 PRESERVE8
  101 00000000                 THUMB
  102 00000000         
  103 00000000         ;*******************************************************
                       ************************
  104 00000000         ; Fill-up the Vector Table entries with the exceptions I
                       SR address
  105 00000000         ;*******************************************************
                       ************************
  106 00000000                 AREA             RESET, CODE, READONLY
  107 00000000                 EXPORT           __Vectors
  108 00000000 FFFFFFFF 
                       _RESERVED
                               EQU              0xFFFFFFFF
  109 00000000         __Vectors
  110 00000000 00000000        DCD              __initial_sp ; ---, 00, 0x000, 
                                                            Top address of Stac
                                                            k
  111 00000004 00000000        DCD              Reset_Handler ; ---, 01, 0x004,
                                                             Reset Handler
  112 00000008 00000000        DCD              NMI_Handler ; -14, 02, 0x008, N
                                                            MI Handler
  113 0000000C 00000000        DCD              HardFault_Handler ; -13, 03, 0x
                                                            00C, Hard Fault Han
                                                            dler
  114 00000010 FFFFFFFF        DCD              _RESERVED   ; ---, 04, 0x010, R
                                                            eserved
  115 00000014 FFFFFFFF        DCD              _RESERVED   ; ---, 05, 0x014, R
                                                            eserved
  116 00000018 FFFFFFFF        DCD              _RESERVED   ; ---, 06, 0x018, R
                                                            eserved
  117 0000001C FFFFFFFF        DCD              _RESERVED   ; ---, 07, 0x01C, R
                                                            eserved
  118 00000020 FFFFFFFF        DCD              _HT32FWID   ; ---, 08, 0x020, R



ARM Macro Assembler    Page 4 


                                                            eserved
  119 00000024 FFFFFFFF        DCD              _RESERVED   ; ---, 09, 0x024, R
                                                            eserved
  120 00000028 FFFFFFFF        DCD              _RESERVED   ; ---, 10, 0x028, R
                                                            eserved
  121 0000002C 00000000        DCD              SVC_Handler ; -05, 11, 0x02C, S
                                                            VC Handler
  122 00000030 FFFFFFFF        DCD              _RESERVED   ; ---, 12, 0x030, R
                                                            eserved
  123 00000034 FFFFFFFF        DCD              _RESERVED   ; ---, 13, 0x034, R
                                                            eserved
  124 00000038 00000000        DCD              PendSV_Handler ; -02, 14, 0x038
                                                            , PendSV Handler
  125 0000003C 00000000        DCD              SysTick_Handler ; -01, 15, 0x03
                                                            C, SysTick Handler
  126 00000040         
  127 00000040         ; External Interrupt Handler
  128 00000040 00000000        DCD              LVD_BOD_IRQHandler 
                                                            ;  00, 16, 0x040,
  129 00000044                 IF               (USE_HT32_CHIP=HT32F52220_30)
  132 00000044 00000000        DCD              RTC_IRQHandler 
                                                            ;  01, 17, 0x044,
  133 00000048                 ENDIF
  134 00000048 00000000        DCD              FLASH_IRQHandler 
                                                            ;  02, 18, 0x048,
  135 0000004C 00000000        DCD              EVWUP_IRQHandler 
                                                            ;  03, 19, 0x04C,
  136 00000050 00000000        DCD              EXTI0_1_IRQHandler 
                                                            ;  04, 20, 0x050,
  137 00000054 00000000        DCD              EXTI2_3_IRQHandler 
                                                            ;  05, 21, 0x054,
  138 00000058 00000000        DCD              EXTI4_15_IRQHandler 
                                                            ;  06, 22, 0x058,
  139 0000005C                 IF               (USE_HT32_CHIP=HT32F52342_52) |
| (USE_HT32_CHIP=HT32F52344_54)
  140 0000005C 00000000        DCD              COMP_IRQHandler 
                                                            ;  07, 23, 0x05C,
  141 00000060                 ELSE
  143                          ENDIF
  144 00000060                 IF               (USE_HT32_CHIP=HT32F0008)
  147 00000060 00000000        DCD              ADC_IRQHandler 
                                                            ;  08, 24, 0x060,
  148 00000064                 ENDIF
  149 00000064                 IF               (USE_HT32_CHIP=HT32F52243_53)
  152 00000064 FFFFFFFF        DCD              _RESERVED   ;  09, 25, 0x064,
  153 00000068                 ENDIF
  154 00000068                 IF               (USE_HT32_CHIP=HT32F52220_30) |
| (USE_HT32_CHIP=HT32F0008) || (USE_HT32_CHIP=HT32F0006)
  157 00000068 00000000        DCD              MCTM0_IRQHandler 
                                                            ;  10, 26, 0x068,
  158 0000006C                 ENDIF
  159 0000006C                 IF               (USE_HT32_CHIP=HT32F52342_52)
  160 0000006C 00000000        DCD              GPTM1_IRQHandler 
                                                            ;  11, 27, 0x06C,
  161 00000070                 ELSE
  163                          ENDIF
  164 00000070 00000000        DCD              GPTM0_IRQHandler 
                                                            ;  12, 28, 0x070,
  165 00000074                 IF               (USE_HT32_CHIP=HT32F0008)



ARM Macro Assembler    Page 5 


  169 00000074 00000000        DCD              SCTM0_IRQHandler 
                                                            ;  13, 29, 0x074,
  170 00000078 00000000        DCD              SCTM1_IRQHandler 
                                                            ;  14, 30, 0x078,
  171 0000007C                 ENDIF
  172 0000007C                 IF               (USE_HT32_CHIP=HT32F52231_41) |
| (USE_HT32_CHIP=HT32F52331_41) || (USE_HT32_CHIP=HT32F52243_53) || (USE_HT32_C
HIP=HT32F0006)
  175                          ENDIF
  176 0000007C                 IF               (USE_HT32_CHIP=HT32F0008)
  179                          ENDIF
  180 0000007C                 IF               (USE_HT32_CHIP=HT32F52220_30) |
| (USE_HT32_CHIP=HT32F52342_52) || (USE_HT32_CHIP=HT32F52344_54)
  181 0000007C FFFFFFFF        DCD              _RESERVED   ;  15, 31, 0x07C,
  182 00000080 FFFFFFFF        DCD              _RESERVED   ;  16, 32, 0x080,
  183 00000084                 ENDIF
  184 00000084 00000000        DCD              BFTM0_IRQHandler 
                                                            ;  17, 33, 0x084,
  185 00000088                 IF               (USE_HT32_CHIP=HT32F52220_30)
  188 00000088 00000000        DCD              BFTM1_IRQHandler 
                                                            ;  18, 34, 0x088,
  189 0000008C                 ENDIF
  190 0000008C 00000000        DCD              I2C0_IRQHandler 
                                                            ;  19, 35, 0x08C,
  191 00000090                 IF               (USE_HT32_CHIP=HT32F52220_30) |
| (USE_HT32_CHIP=HT32F0008) || (USE_HT32_CHIP=HT32F52344_54) || (USE_HT32_CHIP=
HT32F0006)
  194 00000090 00000000        DCD              I2C1_IRQHandler 
                                                            ;  20, 36, 0x090,
  195 00000094                 ENDIF
  196 00000094 00000000        DCD              SPI0_IRQHandler 
                                                            ;  21, 37, 0x094,
  197 00000098                 IF               (USE_HT32_CHIP=HT32F52220_30) |
| (USE_HT32_CHIP=HT32F0008)
  200 00000098                 IF               (USE_HT32_CHIP=HT32F0006)
  203 00000098 00000000        DCD              SPI1_IRQHandler 
                                                            ;  22, 38, 0x098,
  204 0000009C                 ENDIF
  205 0000009C                 ENDIF
  206 0000009C                 IF               (USE_HT32_CHIP=HT32F52344_54)
  209 0000009C 00000000        DCD              USART0_IRQHandler 
                                                            ;  23, 39, 0x09C,
  210 000000A0                 ENDIF
  211 000000A0                 IF               (USE_HT32_CHIP=HT32F52342_52) |
| (USE_HT32_CHIP=HT32F52243_53)
  212 000000A0 00000000        DCD              USART1_IRQHandler 
                                                            ;  24, 40, 0x0A0,
  213 000000A4                 ELSE
  215                          ENDIF
  216 000000A4 00000000        DCD              UART0_IRQHandler 
                                                            ;  25, 41, 0x0A4,
  217 000000A8                 IF               (USE_HT32_CHIP=HT32F52220_30) |
| (USE_HT32_CHIP=HT32F0008) || (USE_HT32_CHIP=HT32F0006)
  220 000000A8 00000000        DCD              UART1_IRQHandler 
                                                            ;  26, 42, 0x0A8,
  221 000000AC                 ENDIF
  222 000000AC                 IF               (USE_HT32_CHIP=HT32F52331_41) |
| (USE_HT32_CHIP=HT32F52342_52)
  223 000000AC 00000000        DCD              SCI_IRQHandler 



ARM Macro Assembler    Page 6 


                                                            ;  27, 43, 0x0AC,
  224 000000B0                 ENDIF
  225 000000B0                 IF               (USE_HT32_CHIP=HT32F52243_53)
  227                          ENDIF
  228 000000B0                 IF               (USE_HT32_CHIP=HT32F0006)
  230                          ENDIF
  231 000000B0                 IF               (USE_HT32_CHIP=HT32F0008) || (U
SE_HT32_CHIP=HT32F52344_54)
  233                          ENDIF
  234 000000B0                 IF               (USE_HT32_CHIP=HT32F52342_52) |
| (USE_HT32_CHIP=HT32F0006)
  235 000000B0 00000000        DCD              I2S_IRQHandler 
                                                            ;  28, 44, 0x0B0,
  236 000000B4                 ENDIF
  237 000000B4                 IF               (USE_HT32_CHIP=HT32F52331_41) |
| (USE_HT32_CHIP=HT32F52344_54)
  239                          ENDIF
  240 000000B4                 IF               (USE_HT32_CHIP=HT32F52243_53)
  242                          ENDIF
  243 000000B4                 IF               (USE_HT32_CHIP=HT32F0008)
  245                          ENDIF
  246 000000B4                 IF               (USE_HT32_CHIP=HT32F52331_41) |
| (USE_HT32_CHIP=HT32F52342_52) || (USE_HT32_CHIP=HT32F0008) || (USE_HT32_CHIP=
HT32F52344_54) || (USE_HT32_CHIP=HT32F0006)
  247 000000B4 00000000        DCD              USB_IRQHandler 
                                                            ;  29, 45, 0x0B4,
  248 000000B8                 ENDIF
  249 000000B8                 IF               (USE_HT32_CHIP=HT32F52243_53)
  251                          ENDIF
  252 000000B8                 IF               (USE_HT32_CHIP=HT32F52342_52) |
| (USE_HT32_CHIP=HT32F52243_53) || (USE_HT32_CHIP=HT32F0008) || (USE_HT32_CHIP=
HT32F52344_54) || (USE_HT32_CHIP=HT32F0006)
  253 000000B8 00000000        DCD              PDMA_CH0_1_IRQHandler 
                                                            ;  30, 46, 0x0B8,
  254 000000BC 00000000        DCD              PDMA_CH2_5_IRQHandler 
                                                            ;  31, 47, 0x0BC,
  255 000000C0                 ENDIF
  256 000000C0         
  257 000000C0         ; Reset handler routine
  258 000000C0         Reset_Handler
                               PROC
  259 000000C0                 EXPORT           Reset_Handler                  
 [WEAK]
  260 000000C0                 IMPORT           SystemInit
  261 000000C0                 IMPORT           __main
  262 000000C0 481D            LDR              R0, =BootProcess
  263 000000C2 4780            BLX              R0
  264 000000C4 481D            LDR              R0, =SystemInit
  265 000000C6 4780            BLX              R0
  266 000000C8 481D            LDR              R0, =__main
  267 000000CA 4700            BX               R0
  268 000000CC                 ENDP
  269 000000CC         
  270 000000CC         BootProcess
                               PROC
  271 000000CC 481D            LDR              R0, =0x40080300
  272 000000CE 6901            LDR              R1,[R0, #0x10]
  273 000000D0 2900            CMP              R1, #0
  274 000000D2 D108            BNE              BP1



ARM Macro Assembler    Page 7 


  275 000000D4 6941            LDR              R1,[R0, #0x14]
  276 000000D6 2900            CMP              R1, #0
  277 000000D8 D105            BNE              BP1
  278 000000DA 6981            LDR              R1,[R0, #0x18]
  279 000000DC 2900            CMP              R1, #0
  280 000000DE D102            BNE              BP1
  281 000000E0 69C1            LDR              R1,[R0, #0x1C]
  282 000000E2 2900            CMP              R1, #0
  283 000000E4 D009            BEQ              BP2
  284 000000E6 4818    BP1     LDR              R0, =0x40080180
  285 000000E8 68C1            LDR              R1,[R0, #0xC]
  286 000000EA 0109            LSLS             R1, R1, #4
  287 000000EC 0D09            LSRS             R1, R1, #20
  288 000000EE 2900            CMP              R1, #0
  289 000000F0 D00E            BEQ              BP3
  290 000000F2 2905            CMP              R1, #5
  291 000000F4 D00C            BEQ              BP3
  292 000000F6 2906            CMP              R1, #6
  293 000000F8 D00A            BEQ              BP3
  294 000000FA F3BF 8F4F 
                       BP2     DSB
  295 000000FE 4813            LDR              R0, =0x20000000
  296 00000100 4913            LDR              R1, =0x05fa0004
  297 00000102 6001            STR              R1, [R0]
  298 00000104 4913            LDR              R1, =0xe000ed00
  299 00000106 4812            LDR              R0, =0x05fa0004
  300 00000108 60C8            STR              R0, [R1, #0xC]
  301 0000010A F3BF 8F4F       DSB
  302 0000010E E7FE            B                .
  303 00000110 480E    BP3     LDR              R0, =0x20000000
  304 00000112 6801            LDR              R1, [R0]
  305 00000114 480E            LDR              R0, =0x05fa0004
  306 00000116 4288            CMP              R0, R1
  307 00000118 D000            BEQ              BP4
  308 0000011A 4770            BX               LR
  309 0000011C 480E    BP4     LDR              R0, =0x40088100
  310 0000011E 490F            LDR              R1, =0x00000001
  311 00000120 6001            STR              R1, [R0]
  312 00000122 480A            LDR              R0, =0x20000000
  313 00000124 490E            LDR              R1, =0x0
  314 00000126 6001            STR              R1, [R0]
  315 00000128 4770            BX               LR
  316 0000012A                 ENDP
  317 0000012A         
  318 0000012A         ; Dummy Exception Handlers
  319 0000012A         NMI_Handler
                               PROC
  320 0000012A                 EXPORT           NMI_Handler                    
 [WEAK]
  321 0000012A E7FE            B                .
  322 0000012C                 ENDP
  323 0000012C         
  324 0000012C         HardFault_Handler
                               PROC
  325 0000012C                 EXPORT           HardFault_Handler              
 [WEAK]
  326 0000012C E7FE            B                .
  327 0000012E                 ENDP
  328 0000012E         



ARM Macro Assembler    Page 8 


  329 0000012E         SVC_Handler
                               PROC
  330 0000012E                 EXPORT           SVC_Handler                    
 [WEAK]
  331 0000012E E7FE            B                .
  332 00000130                 ENDP
  333 00000130         
  334 00000130         PendSV_Handler
                               PROC
  335 00000130                 EXPORT           PendSV_Handler                 
 [WEAK]
  336 00000130 E7FE            B                .
  337 00000132                 ENDP
  338 00000132         
  339 00000132         SysTick_Handler
                               PROC
  340 00000132                 EXPORT           SysTick_Handler                
 [WEAK]
  341 00000132 E7FE            B                .
  342 00000134                 ENDP
  343 00000134         
  344 00000134         Default_Handler
                               PROC
  345 00000134                 EXPORT           LVD_BOD_IRQHandler             
 [WEAK]
  346 00000134                 EXPORT           RTC_IRQHandler                 
 [WEAK]
  347 00000134                 EXPORT           FLASH_IRQHandler               
 [WEAK]
  348 00000134                 EXPORT           EVWUP_IRQHandler               
 [WEAK]
  349 00000134                 EXPORT           EXTI0_1_IRQHandler             
 [WEAK]
  350 00000134                 EXPORT           EXTI2_3_IRQHandler             
 [WEAK]
  351 00000134                 EXPORT           EXTI4_15_IRQHandler            
 [WEAK]
  352 00000134                 EXPORT           COMP_IRQHandler                
 [WEAK]
  353 00000134                 EXPORT           ADC_IRQHandler                 
 [WEAK]
  354 00000134                 EXPORT           MCTM0_IRQHandler               
 [WEAK]
  355 00000134                 EXPORT           GPTM1_IRQHandler               
 [WEAK]
  356 00000134                 EXPORT           GPTM0_IRQHandler               
 [WEAK]
  357 00000134                 EXPORT           SCTM0_IRQHandler               
 [WEAK]
  358 00000134                 EXPORT           SCTM1_IRQHandler               
 [WEAK]
  359 00000134                 EXPORT           SCTM2_IRQHandler               
 [WEAK]
  360 00000134                 EXPORT           SCTM3_IRQHandler               
 [WEAK]
  361 00000134                 EXPORT           PWM0_IRQHandler                
 [WEAK]
  362 00000134                 EXPORT           PWM1_IRQHandler                
 [WEAK]



ARM Macro Assembler    Page 9 


  363 00000134                 EXPORT           BFTM0_IRQHandler               
 [WEAK]
  364 00000134                 EXPORT           BFTM1_IRQHandler               
 [WEAK]
  365 00000134                 EXPORT           I2C0_IRQHandler                
 [WEAK]
  366 00000134                 EXPORT           I2C1_IRQHandler                
 [WEAK]
  367 00000134                 EXPORT           I2C2_IRQHandler                
 [WEAK]
  368 00000134                 EXPORT           SPI0_IRQHandler                
 [WEAK]
  369 00000134                 EXPORT           SPI1_IRQHandler                
 [WEAK]
  370 00000134                 EXPORT           QSPI_IRQHandler                
 [WEAK]
  371 00000134                 EXPORT           USART0_IRQHandler              
 [WEAK]
  372 00000134                 EXPORT           USART1_IRQHandler              
 [WEAK]
  373 00000134                 EXPORT           UART0_IRQHandler               
 [WEAK]
  374 00000134                 EXPORT           UART1_IRQHandler               
 [WEAK]
  375 00000134                 EXPORT           UART2_IRQHandler               
 [WEAK]
  376 00000134                 EXPORT           UART3_IRQHandler               
 [WEAK]
  377 00000134                 EXPORT           SCI_IRQHandler                 
 [WEAK]
  378 00000134                 EXPORT           MIDI_IRQHandler                
 [WEAK]
  379 00000134                 EXPORT           I2S_IRQHandler                 
 [WEAK]
  380 00000134                 EXPORT           AES_IRQHandler                 
 [WEAK]
  381 00000134                 EXPORT           USB_IRQHandler                 
 [WEAK]
  382 00000134                 EXPORT           PDMA_CH0_1_IRQHandler          
 [WEAK]
  383 00000134                 EXPORT           PDMA_CH2_5_IRQHandler          
 [WEAK]
  384 00000134         
  385 00000134         LVD_BOD_IRQHandler
  386 00000134         RTC_IRQHandler
  387 00000134         FLASH_IRQHandler
  388 00000134         EVWUP_IRQHandler
  389 00000134         EXTI0_1_IRQHandler
  390 00000134         EXTI2_3_IRQHandler
  391 00000134         EXTI4_15_IRQHandler
  392 00000134         COMP_IRQHandler
  393 00000134         ADC_IRQHandler
  394 00000134         MCTM0_IRQHandler
  395 00000134         GPTM1_IRQHandler
  396 00000134         GPTM0_IRQHandler
  397 00000134         SCTM0_IRQHandler
  398 00000134         SCTM1_IRQHandler
  399 00000134         SCTM2_IRQHandler
  400 00000134         SCTM3_IRQHandler



ARM Macro Assembler    Page 10 


  401 00000134         PWM0_IRQHandler
  402 00000134         PWM1_IRQHandler
  403 00000134         BFTM0_IRQHandler
  404 00000134         BFTM1_IRQHandler
  405 00000134         I2C0_IRQHandler
  406 00000134         I2C1_IRQHandler
  407 00000134         I2C2_IRQHandler
  408 00000134         SPI0_IRQHandler
  409 00000134         SPI1_IRQHandler
  410 00000134         QSPI_IRQHandler
  411 00000134         USART0_IRQHandler
  412 00000134         USART1_IRQHandler
  413 00000134         UART0_IRQHandler
  414 00000134         UART1_IRQHandler
  415 00000134         UART2_IRQHandler
  416 00000134         UART3_IRQHandler
  417 00000134         SCI_IRQHandler
  418 00000134         MIDI_IRQHandler
  419 00000134         I2S_IRQHandler
  420 00000134         AES_IRQHandler
  421 00000134         USB_IRQHandler
  422 00000134         PDMA_CH0_1_IRQHandler
  423 00000134         PDMA_CH2_5_IRQHandler
  424 00000134 E7FE            B                .
  425 00000136                 ENDP
  426 00000136         
  427 00000136 00 00           ALIGN
  428 00000138         
  429 00000138         ;*******************************************************
                       ************************
  430 00000138         ; User Stack and Heap initialization
  431 00000138         ;*******************************************************
                       ************************
  432 00000138                 IF               :DEF:__MICROLIB
  433 00000138         
  434 00000138                 EXPORT           __HT_check_heap
  435 00000138                 EXPORT           __HT_check_sp
  436 00000138                 EXPORT           __initial_sp
  437 00000138                 EXPORT           __heap_base
  438 00000138                 EXPORT           __heap_limit
  439 00000138         
  440 00000138                 ELSE
  454                          ENDIF
  455 00000138         
  456 00000138                 END
              00000000 
              00000000 
              00000000 
              40080300 
              40080180 
              20000000 
              05FA0004 
              E000ED00 
              40088100 
              00000001 
              00000000 
Command Line: --debug --xref --diag_suppress=9931 --cpu=Cortex-M0+ --apcs=inter
work --depend=.\ht32\52352\obj\startup_ht32f5xxxx_01.d -o.\ht32\52352\obj\start
up_ht32f5xxxx_01.o -I"D:\系统文件\桌面\2022.5.20ddl合泰资料\合泰\2022_01 32培



ARM Macro Assembler    Page 11 


Y料\HT32_STD_5xxxx_FWLib\example\USART\Interrupt\MDK_ARMv5\RTE" -I"D:\Soft\S
tudy Soft\Keil5\ARM\PACK\Holtek\HT32_DFP\1.0.32" -I"D:\Soft\Study Soft\Keil5\AR
M\CMSIS\Include" --predefine="__EVAL SETA 1" --predefine="__MICROLIB SETA 1" --
predefine="__UVISION_VERSION SETA 514" --predefine="USE_HT32F52342_52 SETA 1" -
-predefine="USE_HT32_CHIP SETA 4" --list=.\ht32\52352\list\startup_ht32f5xxxx_0
1.lst startup_ht32f5xxxx_01.s



ARM Macro Assembler    Page 1 Alphabetic symbol ordering
Relocatable symbols

STACK 00000000

Symbol: STACK
   Definitions
      At line 86 in file startup_ht32f5xxxx_01.s
   Uses
      None
Comment: STACK unused
Stack_Mem 00000000

Symbol: Stack_Mem
   Definitions
      At line 88 in file startup_ht32f5xxxx_01.s
   Uses
      None
Comment: Stack_Mem unused
__HT_check_sp 00000000

Symbol: __HT_check_sp
   Definitions
      At line 87 in file startup_ht32f5xxxx_01.s
   Uses
      At line 435 in file startup_ht32f5xxxx_01.s
Comment: __HT_check_sp used once
__initial_sp 00000200

Symbol: __initial_sp
   Definitions
      At line 89 in file startup_ht32f5xxxx_01.s
   Uses
      At line 110 in file startup_ht32f5xxxx_01.s
      At line 436 in file startup_ht32f5xxxx_01.s

4 symbols



ARM Macro Assembler    Page 1 Alphabetic symbol ordering
Relocatable symbols

HEAP 00000000

Symbol: HEAP
   Definitions
      At line 94 in file startup_ht32f5xxxx_01.s
   Uses
      None
Comment: HEAP unused
Heap_Mem 00000000

Symbol: Heap_Mem
   Definitions
      At line 97 in file startup_ht32f5xxxx_01.s
   Uses
      None
Comment: Heap_Mem unused
__HT_check_heap 00000000

Symbol: __HT_check_heap
   Definitions
      At line 95 in file startup_ht32f5xxxx_01.s
   Uses
      At line 434 in file startup_ht32f5xxxx_01.s
Comment: __HT_check_heap used once
__heap_base 00000000

Symbol: __heap_base
   Definitions
      At line 96 in file startup_ht32f5xxxx_01.s
   Uses
      At line 437 in file startup_ht32f5xxxx_01.s
Comment: __heap_base used once
__heap_limit 00000000

Symbol: __heap_limit
   Definitions
      At line 98 in file startup_ht32f5xxxx_01.s
   Uses
      At line 438 in file startup_ht32f5xxxx_01.s
Comment: __heap_limit used once
5 symbols



ARM Macro Assembler    Page 1 Alphabetic symbol ordering
Relocatable symbols

ADC_IRQHandler 00000134

Symbol: ADC_IRQHandler
   Definitions
      At line 393 in file startup_ht32f5xxxx_01.s
   Uses
      At line 147 in file startup_ht32f5xxxx_01.s
      At line 353 in file startup_ht32f5xxxx_01.s

AES_IRQHandler 00000134

Symbol: AES_IRQHandler
   Definitions
      At line 420 in file startup_ht32f5xxxx_01.s
   Uses
      At line 380 in file startup_ht32f5xxxx_01.s
Comment: AES_IRQHandler used once
BFTM0_IRQHandler 00000134

Symbol: BFTM0_IRQHandler
   Definitions
      At line 403 in file startup_ht32f5xxxx_01.s
   Uses
      At line 184 in file startup_ht32f5xxxx_01.s
      At line 363 in file startup_ht32f5xxxx_01.s

BFTM1_IRQHandler 00000134

Symbol: BFTM1_IRQHandler
   Definitions
      At line 404 in file startup_ht32f5xxxx_01.s
   Uses
      At line 188 in file startup_ht32f5xxxx_01.s
      At line 364 in file startup_ht32f5xxxx_01.s

BP1 000000E6

Symbol: BP1
   Definitions
      At line 284 in file startup_ht32f5xxxx_01.s
   Uses
      At line 274 in file startup_ht32f5xxxx_01.s
      At line 277 in file startup_ht32f5xxxx_01.s
      At line 280 in file startup_ht32f5xxxx_01.s

BP2 000000FA

Symbol: BP2
   Definitions
      At line 294 in file startup_ht32f5xxxx_01.s
   Uses
      At line 283 in file startup_ht32f5xxxx_01.s
Comment: BP2 used once
BP3 00000110

Symbol: BP3
   Definitions
      At line 303 in file startup_ht32f5xxxx_01.s
   Uses



ARM Macro Assembler    Page 2 Alphabetic symbol ordering
Relocatable symbols

      At line 289 in file startup_ht32f5xxxx_01.s
      At line 291 in file startup_ht32f5xxxx_01.s
      At line 293 in file startup_ht32f5xxxx_01.s

BP4 0000011C

Symbol: BP4
   Definitions
      At line 309 in file startup_ht32f5xxxx_01.s
   Uses
      At line 307 in file startup_ht32f5xxxx_01.s
Comment: BP4 used once
BootProcess 000000CC

Symbol: BootProcess
   Definitions
      At line 270 in file startup_ht32f5xxxx_01.s
   Uses
      At line 262 in file startup_ht32f5xxxx_01.s
Comment: BootProcess used once
COMP_IRQHandler 00000134

Symbol: COMP_IRQHandler
   Definitions
      At line 392 in file startup_ht32f5xxxx_01.s
   Uses
      At line 140 in file startup_ht32f5xxxx_01.s
      At line 352 in file startup_ht32f5xxxx_01.s

Default_Handler 00000134

Symbol: Default_Handler
   Definitions
      At line 344 in file startup_ht32f5xxxx_01.s
   Uses
      None
Comment: Default_Handler unused
EVWUP_IRQHandler 00000134

Symbol: EVWUP_IRQHandler
   Definitions
      At line 388 in file startup_ht32f5xxxx_01.s
   Uses
      At line 135 in file startup_ht32f5xxxx_01.s
      At line 348 in file startup_ht32f5xxxx_01.s

EXTI0_1_IRQHandler 00000134

Symbol: EXTI0_1_IRQHandler
   Definitions
      At line 389 in file startup_ht32f5xxxx_01.s
   Uses
      At line 136 in file startup_ht32f5xxxx_01.s
      At line 349 in file startup_ht32f5xxxx_01.s

EXTI2_3_IRQHandler 00000134

Symbol: EXTI2_3_IRQHandler
   Definitions



ARM Macro Assembler    Page 3 Alphabetic symbol ordering
Relocatable symbols

      At line 390 in file startup_ht32f5xxxx_01.s
   Uses
      At line 137 in file startup_ht32f5xxxx_01.s
      At line 350 in file startup_ht32f5xxxx_01.s

EXTI4_15_IRQHandler 00000134

Symbol: EXTI4_15_IRQHandler
   Definitions
      At line 391 in file startup_ht32f5xxxx_01.s
   Uses
      At line 138 in file startup_ht32f5xxxx_01.s
      At line 351 in file startup_ht32f5xxxx_01.s

FLASH_IRQHandler 00000134

Symbol: FLASH_IRQHandler
   Definitions
      At line 387 in file startup_ht32f5xxxx_01.s
   Uses
      At line 134 in file startup_ht32f5xxxx_01.s
      At line 347 in file startup_ht32f5xxxx_01.s

GPTM0_IRQHandler 00000134

Symbol: GPTM0_IRQHandler
   Definitions
      At line 396 in file startup_ht32f5xxxx_01.s
   Uses
      At line 164 in file startup_ht32f5xxxx_01.s
      At line 356 in file startup_ht32f5xxxx_01.s

GPTM1_IRQHandler 00000134

Symbol: GPTM1_IRQHandler
   Definitions
      At line 395 in file startup_ht32f5xxxx_01.s
   Uses
      At line 160 in file startup_ht32f5xxxx_01.s
      At line 355 in file startup_ht32f5xxxx_01.s

HardFault_Handler 0000012C

Symbol: HardFault_Handler
   Definitions
      At line 324 in file startup_ht32f5xxxx_01.s
   Uses
      At line 113 in file startup_ht32f5xxxx_01.s
      At line 325 in file startup_ht32f5xxxx_01.s

I2C0_IRQHandler 00000134

Symbol: I2C0_IRQHandler
   Definitions
      At line 405 in file startup_ht32f5xxxx_01.s
   Uses
      At line 190 in file startup_ht32f5xxxx_01.s
      At line 365 in file startup_ht32f5xxxx_01.s




ARM Macro Assembler    Page 4 Alphabetic symbol ordering
Relocatable symbols

I2C1_IRQHandler 00000134

Symbol: I2C1_IRQHandler
   Definitions
      At line 406 in file startup_ht32f5xxxx_01.s
   Uses
      At line 194 in file startup_ht32f5xxxx_01.s
      At line 366 in file startup_ht32f5xxxx_01.s

I2C2_IRQHandler 00000134

Symbol: I2C2_IRQHandler
   Definitions
      At line 407 in file startup_ht32f5xxxx_01.s
   Uses
      At line 367 in file startup_ht32f5xxxx_01.s
Comment: I2C2_IRQHandler used once
I2S_IRQHandler 00000134

Symbol: I2S_IRQHandler
   Definitions
      At line 419 in file startup_ht32f5xxxx_01.s
   Uses
      At line 235 in file startup_ht32f5xxxx_01.s
      At line 379 in file startup_ht32f5xxxx_01.s

LVD_BOD_IRQHandler 00000134

Symbol: LVD_BOD_IRQHandler
   Definitions
      At line 385 in file startup_ht32f5xxxx_01.s
   Uses
      At line 128 in file startup_ht32f5xxxx_01.s
      At line 345 in file startup_ht32f5xxxx_01.s

MCTM0_IRQHandler 00000134

Symbol: MCTM0_IRQHandler
   Definitions
      At line 394 in file startup_ht32f5xxxx_01.s
   Uses
      At line 157 in file startup_ht32f5xxxx_01.s
      At line 354 in file startup_ht32f5xxxx_01.s

MIDI_IRQHandler 00000134

Symbol: MIDI_IRQHandler
   Definitions
      At line 418 in file startup_ht32f5xxxx_01.s
   Uses
      At line 378 in file startup_ht32f5xxxx_01.s
Comment: MIDI_IRQHandler used once
NMI_Handler 0000012A

Symbol: NMI_Handler
   Definitions
      At line 319 in file startup_ht32f5xxxx_01.s
   Uses
      At line 112 in file startup_ht32f5xxxx_01.s



ARM Macro Assembler    Page 5 Alphabetic symbol ordering
Relocatable symbols

      At line 320 in file startup_ht32f5xxxx_01.s

PDMA_CH0_1_IRQHandler 00000134

Symbol: PDMA_CH0_1_IRQHandler
   Definitions
      At line 422 in file startup_ht32f5xxxx_01.s
   Uses
      At line 253 in file startup_ht32f5xxxx_01.s
      At line 382 in file startup_ht32f5xxxx_01.s

PDMA_CH2_5_IRQHandler 00000134

Symbol: PDMA_CH2_5_IRQHandler
   Definitions
      At line 423 in file startup_ht32f5xxxx_01.s
   Uses
      At line 254 in file startup_ht32f5xxxx_01.s
      At line 383 in file startup_ht32f5xxxx_01.s

PWM0_IRQHandler 00000134

Symbol: PWM0_IRQHandler
   Definitions
      At line 401 in file startup_ht32f5xxxx_01.s
   Uses
      At line 361 in file startup_ht32f5xxxx_01.s
Comment: PWM0_IRQHandler used once
PWM1_IRQHandler 00000134

Symbol: PWM1_IRQHandler
   Definitions
      At line 402 in file startup_ht32f5xxxx_01.s
   Uses
      At line 362 in file startup_ht32f5xxxx_01.s
Comment: PWM1_IRQHandler used once
PendSV_Handler 00000130

Symbol: PendSV_Handler
   Definitions
      At line 334 in file startup_ht32f5xxxx_01.s
   Uses
      At line 124 in file startup_ht32f5xxxx_01.s
      At line 335 in file startup_ht32f5xxxx_01.s

QSPI_IRQHandler 00000134

Symbol: QSPI_IRQHandler
   Definitions
      At line 410 in file startup_ht32f5xxxx_01.s
   Uses
      At line 370 in file startup_ht32f5xxxx_01.s
Comment: QSPI_IRQHandler used once
RESET 00000000

Symbol: RESET
   Definitions
      At line 106 in file startup_ht32f5xxxx_01.s
   Uses



ARM Macro Assembler    Page 6 Alphabetic symbol ordering
Relocatable symbols

      None
Comment: RESET unused
RTC_IRQHandler 00000134

Symbol: RTC_IRQHandler
   Definitions
      At line 386 in file startup_ht32f5xxxx_01.s
   Uses
      At line 132 in file startup_ht32f5xxxx_01.s
      At line 346 in file startup_ht32f5xxxx_01.s

Reset_Handler 000000C0

Symbol: Reset_Handler
   Definitions
      At line 258 in file startup_ht32f5xxxx_01.s
   Uses
      At line 111 in file startup_ht32f5xxxx_01.s
      At line 259 in file startup_ht32f5xxxx_01.s

SCI_IRQHandler 00000134

Symbol: SCI_IRQHandler
   Definitions
      At line 417 in file startup_ht32f5xxxx_01.s
   Uses
      At line 223 in file startup_ht32f5xxxx_01.s
      At line 377 in file startup_ht32f5xxxx_01.s

SCTM0_IRQHandler 00000134

Symbol: SCTM0_IRQHandler
   Definitions
      At line 397 in file startup_ht32f5xxxx_01.s
   Uses
      At line 169 in file startup_ht32f5xxxx_01.s
      At line 357 in file startup_ht32f5xxxx_01.s

SCTM1_IRQHandler 00000134

Symbol: SCTM1_IRQHandler
   Definitions
      At line 398 in file startup_ht32f5xxxx_01.s
   Uses
      At line 170 in file startup_ht32f5xxxx_01.s
      At line 358 in file startup_ht32f5xxxx_01.s

SCTM2_IRQHandler 00000134

Symbol: SCTM2_IRQHandler
   Definitions
      At line 399 in file startup_ht32f5xxxx_01.s
   Uses
      At line 359 in file startup_ht32f5xxxx_01.s
Comment: SCTM2_IRQHandler used once
SCTM3_IRQHandler 00000134

Symbol: SCTM3_IRQHandler
   Definitions



ARM Macro Assembler    Page 7 Alphabetic symbol ordering
Relocatable symbols

      At line 400 in file startup_ht32f5xxxx_01.s
   Uses
      At line 360 in file startup_ht32f5xxxx_01.s
Comment: SCTM3_IRQHandler used once
SPI0_IRQHandler 00000134

Symbol: SPI0_IRQHandler
   Definitions
      At line 408 in file startup_ht32f5xxxx_01.s
   Uses
      At line 196 in file startup_ht32f5xxxx_01.s
      At line 368 in file startup_ht32f5xxxx_01.s

SPI1_IRQHandler 00000134

Symbol: SPI1_IRQHandler
   Definitions
      At line 409 in file startup_ht32f5xxxx_01.s
   Uses
      At line 203 in file startup_ht32f5xxxx_01.s
      At line 369 in file startup_ht32f5xxxx_01.s

SVC_Handler 0000012E

Symbol: SVC_Handler
   Definitions
      At line 329 in file startup_ht32f5xxxx_01.s
   Uses
      At line 121 in file startup_ht32f5xxxx_01.s
      At line 330 in file startup_ht32f5xxxx_01.s

SysTick_Handler 00000132

Symbol: SysTick_Handler
   Definitions
      At line 339 in file startup_ht32f5xxxx_01.s
   Uses
      At line 125 in file startup_ht32f5xxxx_01.s
      At line 340 in file startup_ht32f5xxxx_01.s

UART0_IRQHandler 00000134

Symbol: UART0_IRQHandler
   Definitions
      At line 413 in file startup_ht32f5xxxx_01.s
   Uses
      At line 216 in file startup_ht32f5xxxx_01.s
      At line 373 in file startup_ht32f5xxxx_01.s

UART1_IRQHandler 00000134

Symbol: UART1_IRQHandler
   Definitions
      At line 414 in file startup_ht32f5xxxx_01.s
   Uses
      At line 220 in file startup_ht32f5xxxx_01.s
      At line 374 in file startup_ht32f5xxxx_01.s

UART2_IRQHandler 00000134



ARM Macro Assembler    Page 8 Alphabetic symbol ordering
Relocatable symbols


Symbol: UART2_IRQHandler
   Definitions
      At line 415 in file startup_ht32f5xxxx_01.s
   Uses
      At line 375 in file startup_ht32f5xxxx_01.s
Comment: UART2_IRQHandler used once
UART3_IRQHandler 00000134

Symbol: UART3_IRQHandler
   Definitions
      At line 416 in file startup_ht32f5xxxx_01.s
   Uses
      At line 376 in file startup_ht32f5xxxx_01.s
Comment: UART3_IRQHandler used once
USART0_IRQHandler 00000134

Symbol: USART0_IRQHandler
   Definitions
      At line 411 in file startup_ht32f5xxxx_01.s
   Uses
      At line 209 in file startup_ht32f5xxxx_01.s
      At line 371 in file startup_ht32f5xxxx_01.s

USART1_IRQHandler 00000134

Symbol: USART1_IRQHandler
   Definitions
      At line 412 in file startup_ht32f5xxxx_01.s
   Uses
      At line 212 in file startup_ht32f5xxxx_01.s
      At line 372 in file startup_ht32f5xxxx_01.s

USB_IRQHandler 00000134

Symbol: USB_IRQHandler
   Definitions
      At line 421 in file startup_ht32f5xxxx_01.s
   Uses
      At line 247 in file startup_ht32f5xxxx_01.s
      At line 381 in file startup_ht32f5xxxx_01.s

__Vectors 00000000

Symbol: __Vectors
   Definitions
      At line 109 in file startup_ht32f5xxxx_01.s
   Uses
      At line 107 in file startup_ht32f5xxxx_01.s
Comment: __Vectors used once
53 symbols



ARM Macro Assembler    Page 1 Alphabetic symbol ordering
Absolute symbols

HT32F0006 0000000A

Symbol: HT32F0006
   Definitions
      At line 71 in file startup_ht32f5xxxx_01.s
   Uses
      At line 154 in file startup_ht32f5xxxx_01.s
      At line 172 in file startup_ht32f5xxxx_01.s
      At line 191 in file startup_ht32f5xxxx_01.s
      At line 200 in file startup_ht32f5xxxx_01.s
      At line 217 in file startup_ht32f5xxxx_01.s
      At line 228 in file startup_ht32f5xxxx_01.s
      At line 234 in file startup_ht32f5xxxx_01.s
      At line 246 in file startup_ht32f5xxxx_01.s
      At line 252 in file startup_ht32f5xxxx_01.s

HT32F0008 00000006

Symbol: HT32F0008
   Definitions
      At line 69 in file startup_ht32f5xxxx_01.s
   Uses
      At line 144 in file startup_ht32f5xxxx_01.s
      At line 154 in file startup_ht32f5xxxx_01.s
      At line 165 in file startup_ht32f5xxxx_01.s
      At line 176 in file startup_ht32f5xxxx_01.s
      At line 191 in file startup_ht32f5xxxx_01.s
      At line 197 in file startup_ht32f5xxxx_01.s
      At line 217 in file startup_ht32f5xxxx_01.s
      At line 231 in file startup_ht32f5xxxx_01.s
      At line 243 in file startup_ht32f5xxxx_01.s
      At line 246 in file startup_ht32f5xxxx_01.s
      At line 252 in file startup_ht32f5xxxx_01.s

HT32F52220_30 00000001

Symbol: HT32F52220_30
   Definitions
      At line 64 in file startup_ht32f5xxxx_01.s
   Uses
      At line 129 in file startup_ht32f5xxxx_01.s
      At line 154 in file startup_ht32f5xxxx_01.s
      At line 180 in file startup_ht32f5xxxx_01.s
      At line 185 in file startup_ht32f5xxxx_01.s
      At line 191 in file startup_ht32f5xxxx_01.s
      At line 197 in file startup_ht32f5xxxx_01.s
      At line 217 in file startup_ht32f5xxxx_01.s

HT32F52231_41 00000002

Symbol: HT32F52231_41
   Definitions
      At line 65 in file startup_ht32f5xxxx_01.s
   Uses
      At line 172 in file startup_ht32f5xxxx_01.s
Comment: HT32F52231_41 used once
HT32F52243_53 00000005

Symbol: HT32F52243_53



ARM Macro Assembler    Page 2 Alphabetic symbol ordering
Absolute symbols

   Definitions
      At line 68 in file startup_ht32f5xxxx_01.s
   Uses
      At line 149 in file startup_ht32f5xxxx_01.s
      At line 172 in file startup_ht32f5xxxx_01.s
      At line 211 in file startup_ht32f5xxxx_01.s
      At line 225 in file startup_ht32f5xxxx_01.s
      At line 240 in file startup_ht32f5xxxx_01.s
      At line 249 in file startup_ht32f5xxxx_01.s
      At line 252 in file startup_ht32f5xxxx_01.s

HT32F52331_41 00000003

Symbol: HT32F52331_41
   Definitions
      At line 66 in file startup_ht32f5xxxx_01.s
   Uses
      At line 172 in file startup_ht32f5xxxx_01.s
      At line 222 in file startup_ht32f5xxxx_01.s
      At line 237 in file startup_ht32f5xxxx_01.s
      At line 246 in file startup_ht32f5xxxx_01.s

HT32F52342_52 00000004

Symbol: HT32F52342_52
   Definitions
      At line 67 in file startup_ht32f5xxxx_01.s
   Uses
      At line 139 in file startup_ht32f5xxxx_01.s
      At line 159 in file startup_ht32f5xxxx_01.s
      At line 180 in file startup_ht32f5xxxx_01.s
      At line 211 in file startup_ht32f5xxxx_01.s
      At line 222 in file startup_ht32f5xxxx_01.s
      At line 234 in file startup_ht32f5xxxx_01.s
      At line 246 in file startup_ht32f5xxxx_01.s
      At line 252 in file startup_ht32f5xxxx_01.s

HT32F52344_54 00000009

Symbol: HT32F52344_54
   Definitions
      At line 70 in file startup_ht32f5xxxx_01.s
   Uses
      At line 139 in file startup_ht32f5xxxx_01.s
      At line 180 in file startup_ht32f5xxxx_01.s
      At line 191 in file startup_ht32f5xxxx_01.s
      At line 206 in file startup_ht32f5xxxx_01.s
      At line 231 in file startup_ht32f5xxxx_01.s
      At line 237 in file startup_ht32f5xxxx_01.s
      At line 246 in file startup_ht32f5xxxx_01.s
      At line 252 in file startup_ht32f5xxxx_01.s

HT32F61352 0000000A

Symbol: HT32F61352
   Definitions
      At line 72 in file startup_ht32f5xxxx_01.s
   Uses
      None



ARM Macro Assembler    Page 3 Alphabetic symbol ordering
Absolute symbols

Comment: HT32F61352 unused
HT32F67741 00000002

Symbol: HT32F67741
   Definitions
      At line 74 in file startup_ht32f5xxxx_01.s
   Uses
      None
Comment: HT32F67741 unused
HT50F32003 00000004

Symbol: HT50F32003
   Definitions
      At line 73 in file startup_ht32f5xxxx_01.s
   Uses
      None
Comment: HT50F32003 unused
Heap_Size 00000000

Symbol: Heap_Size
   Definitions
      At line 92 in file startup_ht32f5xxxx_01.s
   Uses
      At line 97 in file startup_ht32f5xxxx_01.s
Comment: Heap_Size used once
Stack_Size 00000200

Symbol: Stack_Size
   Definitions
      At line 84 in file startup_ht32f5xxxx_01.s
   Uses
      At line 88 in file startup_ht32f5xxxx_01.s
Comment: Stack_Size used once
USE_HT32_CHIP_SET 00000000

Symbol: USE_HT32_CHIP_SET
   Definitions
      At line 43 in file startup_ht32f5xxxx_01.s
   Uses
      At line 76 in file startup_ht32f5xxxx_01.s
Comment: USE_HT32_CHIP_SET used once
_HT32FWID FFFFFFFF

Symbol: _HT32FWID
   Definitions
      At line 45 in file startup_ht32f5xxxx_01.s
   Uses
      At line 118 in file startup_ht32f5xxxx_01.s
Comment: _HT32FWID used once
_RESERVED FFFFFFFF

Symbol: _RESERVED
   Definitions
      At line 108 in file startup_ht32f5xxxx_01.s
   Uses
      At line 114 in file startup_ht32f5xxxx_01.s
      At line 115 in file startup_ht32f5xxxx_01.s
      At line 116 in file startup_ht32f5xxxx_01.s
      At line 117 in file startup_ht32f5xxxx_01.s



ARM Macro Assembler    Page 4 Alphabetic symbol ordering
Absolute symbols

      At line 119 in file startup_ht32f5xxxx_01.s
      At line 120 in file startup_ht32f5xxxx_01.s
      At line 122 in file startup_ht32f5xxxx_01.s
      At line 123 in file startup_ht32f5xxxx_01.s
      At line 152 in file startup_ht32f5xxxx_01.s
      At line 181 in file startup_ht32f5xxxx_01.s
      At line 182 in file startup_ht32f5xxxx_01.s

16 symbols



ARM Macro Assembler    Page 1 Alphabetic symbol ordering
External symbols

SystemInit 00000000

Symbol: SystemInit
   Definitions
      At line 260 in file startup_ht32f5xxxx_01.s
   Uses
      At line 264 in file startup_ht32f5xxxx_01.s
Comment: SystemInit used once
__main 00000000

Symbol: __main
   Definitions
      At line 261 in file startup_ht32f5xxxx_01.s
   Uses
      At line 266 in file startup_ht32f5xxxx_01.s
Comment: __main used once
2 symbols
417 symbols in table
